<?xml version="1.0" encoding="UTF-8"?>
<testng-results ignored="0" total="1" passed="1" failed="0" skipped="0">
  <reporter-output>
    <line>
      <![CDATA[Login SVP Pilar Financiero]]>
    </line>
    <line>
      <![CDATA[<a target = href='C:\Users\USUARIO\Documents\pilarfinanciero\spb-java-simpletestproject-testing2\screenshots\Caja Los Andes - Login.png'>Screenshot</a>]]>
    </line>
    <line>
      <![CDATA[<img src='C:\Users\USUARIO\Documents\pilarfinanciero\spb-java-simpletestproject-testing2\screenshots\Caja Los Andes - Login.png'/>]]>
    </line>
  </reporter-output>
  <suite started-at="2022-12-15T02:37:20Z" name="test.java.SimulateCreditTest" finished-at="2022-12-15T02:37:47Z" duration-ms="27590">
    <groups>
    </groups>
    <test started-at="2022-12-15T02:37:20Z" name="Command line test" finished-at="2022-12-15T02:37:47Z" duration-ms="27590">
      <class name="test.java.SimulateCreditTest">
        <test-method is-config="true" signature="setUp()[pri:0, instance:test.java.SimulateCreditTest@28eaa59a]" started-at="2022-12-15T02:37:20Z" name="setUp" finished-at="2022-12-15T02:37:22Z" duration-ms="2587" status="PASS">
          <reporter-output>
          </reporter-output>
        </test-method> <!-- setUp -->
        <test-method signature="firstTestCase([Ljava.lang.String;)[pri:0, instance:test.java.SimulateCreditTest@28eaa59a]" started-at="2022-12-15T02:37:23Z" name="firstTestCase" data-provider="credit_simulation_data" finished-at="2022-12-15T02:37:47Z" duration-ms="23573" status="PASS">
          <params>
            <param index="0">
              <value>
                <![CDATA[[Ljava.lang.String;@7d04529c]]>
              </value>
            </param>
          </params>
          <reporter-output>
            <line>
              <![CDATA[Login SVP Pilar Financiero]]>
            </line>
            <line>
              <![CDATA[<a target = href='C:\Users\USUARIO\Documents\pilarfinanciero\spb-java-simpletestproject-testing2\screenshots\Caja Los Andes - Login.png'>Screenshot</a>]]>
            </line>
            <line>
              <![CDATA[<img src='C:\Users\USUARIO\Documents\pilarfinanciero\spb-java-simpletestproject-testing2\screenshots\Caja Los Andes - Login.png'/>]]>
            </line>
          </reporter-output>
        </test-method> <!-- firstTestCase -->
        <test-method is-config="true" signature="closeBrowser()[pri:0, instance:test.java.SimulateCreditTest@28eaa59a]" started-at="2022-12-15T02:37:47Z" name="closeBrowser" finished-at="2022-12-15T02:37:47Z" duration-ms="642" status="PASS">
          <reporter-output>
          </reporter-output>
        </test-method> <!-- closeBrowser -->
      </class> <!-- test.java.SimulateCreditTest -->
    </test> <!-- Command line test -->
  </suite> <!-- test.java.SimulateCreditTest -->
</testng-results>
